<?xml version="1.0" encoding="UTF-8"?>
<testsuites tests="1" failures="1" errors="0" skipped="0">
  <testsuite name="wait commands examples" timestamp="2025-09-06T12:01:08" time="17.82" tests="1" failures="1" errors="0" skipped="0">
    <properties>
      <property name="specId" value="0"/>
      <property name="suiteName" value="wait commands - examples"/>
      <property name="capabilities" value="chrome.139_0_7258_155.windows"/>
      <property name="file" value="file:///C:/Users/PavithraBusipalli/Desktop/JS_Auto/ui-testing/WebDriverIO/Udemy/webdriverio/test/specs/wait-commands.spec.js"/>
    </properties>
    <testcase classname="chrome.139_0_7258_155.windows.wait_commands_-_examples" name="waitUntil" time="17.819">
      <failure message="expected text to be different after 1 seconds."/>
      <system-out><![CDATA[
COMMAND: POST /session/531b61559f994e6c7a52df7ef93d8d5a/window/maximize - {}
RESULT: {}
COMMAND: GET /session/531b61559f994e6c7a52df7ef93d8d5a/element/f.C87E07658A2921E81D2871F35C846D0F.d.2710F5128523330855751B589255D33E.e.6/text - {}
RESULT: {}
COMMAND: GET /session/531b61559f994e6c7a52df7ef93d8d5a/element/f.C87E07658A2921E81D2871F35C846D0F.d.2710F5128523330855751B589255D33E.e.6/text - {}
RESULT: {}
COMMAND: GET /session/531b61559f994e6c7a52df7ef93d8d5a/element/f.C87E07658A2921E81D2871F35C846D0F.d.2710F5128523330855751B589255D33E.e.6/text - {}
RESULT: {}
COMMAND: GET /session/531b61559f994e6c7a52df7ef93d8d5a/element/f.C87E07658A2921E81D2871F35C846D0F.d.2710F5128523330855751B589255D33E.e.6/text - {}
RESULT: {}
COMMAND: GET /session/531b61559f994e6c7a52df7ef93d8d5a/element/f.C87E07658A2921E81D2871F35C846D0F.d.2710F5128523330855751B589255D33E.e.6/text - {}
RESULT: {}
COMMAND: GET /session/531b61559f994e6c7a52df7ef93d8d5a/element/f.C87E07658A2921E81D2871F35C846D0F.d.2710F5128523330855751B589255D33E.e.6/text - {}
RESULT: {}
COMMAND: GET /session/531b61559f994e6c7a52df7ef93d8d5a/element/f.C87E07658A2921E81D2871F35C846D0F.d.2710F5128523330855751B589255D33E.e.6/text - {}
RESULT: {}
COMMAND: GET /session/531b61559f994e6c7a52df7ef93d8d5a/element/f.C87E07658A2921E81D2871F35C846D0F.d.2710F5128523330855751B589255D33E.e.6/text - {}
RESULT: {}
COMMAND: GET /session/531b61559f994e6c7a52df7ef93d8d5a/element/f.C87E07658A2921E81D2871F35C846D0F.d.2710F5128523330855751B589255D33E.e.6/text - {}
RESULT: {}
COMMAND: GET /session/531b61559f994e6c7a52df7ef93d8d5a/element/f.C87E07658A2921E81D2871F35C846D0F.d.2710F5128523330855751B589255D33E.e.6/text - {}
RESULT: {}
COMMAND: GET /session/531b61559f994e6c7a52df7ef93d8d5a/element/f.C87E07658A2921E81D2871F35C846D0F.d.2710F5128523330855751B589255D33E.e.6/text - {}
RESULT: {}
COMMAND: GET /session/531b61559f994e6c7a52df7ef93d8d5a/element/f.C87E07658A2921E81D2871F35C846D0F.d.2710F5128523330855751B589255D33E.e.6/text - {}
RESULT: {}
COMMAND: GET /session/531b61559f994e6c7a52df7ef93d8d5a/element/f.C87E07658A2921E81D2871F35C846D0F.d.2710F5128523330855751B589255D33E.e.6/text - {}
RESULT: {}
COMMAND: GET /session/531b61559f994e6c7a52df7ef93d8d5a/element/f.C87E07658A2921E81D2871F35C846D0F.d.2710F5128523330855751B589255D33E.e.6/text - {}
RESULT: {}
COMMAND: GET /session/531b61559f994e6c7a52df7ef93d8d5a/element/f.C87E07658A2921E81D2871F35C846D0F.d.2710F5128523330855751B589255D33E.e.6/text - {}
RESULT: {}
COMMAND: GET /session/531b61559f994e6c7a52df7ef93d8d5a/element/f.C87E07658A2921E81D2871F35C846D0F.d.2710F5128523330855751B589255D33E.e.6/text - {}
RESULT: {}
COMMAND: GET /session/531b61559f994e6c7a52df7ef93d8d5a/element/f.C87E07658A2921E81D2871F35C846D0F.d.2710F5128523330855751B589255D33E.e.6/text - {}
RESULT: {}
COMMAND: GET /session/531b61559f994e6c7a52df7ef93d8d5a/element/f.C87E07658A2921E81D2871F35C846D0F.d.2710F5128523330855751B589255D33E.e.6/text - {}
RESULT: {}
COMMAND: GET /session/531b61559f994e6c7a52df7ef93d8d5a/element/f.C87E07658A2921E81D2871F35C846D0F.d.2710F5128523330855751B589255D33E.e.6/text - {}
RESULT: {}
COMMAND: GET /session/531b61559f994e6c7a52df7ef93d8d5a/element/f.C87E07658A2921E81D2871F35C846D0F.d.2710F5128523330855751B589255D33E.e.6/text - {}
RESULT: {}
COMMAND: GET /session/531b61559f994e6c7a52df7ef93d8d5a/element/f.C87E07658A2921E81D2871F35C846D0F.d.2710F5128523330855751B589255D33E.e.6/text - {}
RESULT: {}
COMMAND: GET /session/531b61559f994e6c7a52df7ef93d8d5a/element/f.C87E07658A2921E81D2871F35C846D0F.d.2710F5128523330855751B589255D33E.e.6/text - {}
RESULT: {}
COMMAND: GET /session/531b61559f994e6c7a52df7ef93d8d5a/element/f.C87E07658A2921E81D2871F35C846D0F.d.2710F5128523330855751B589255D33E.e.6/text - {}
RESULT: {}
COMMAND: GET /session/531b61559f994e6c7a52df7ef93d8d5a/element/f.C87E07658A2921E81D2871F35C846D0F.d.2710F5128523330855751B589255D33E.e.6/text - {}
RESULT: {}
COMMAND: GET /session/531b61559f994e6c7a52df7ef93d8d5a/element/f.C87E07658A2921E81D2871F35C846D0F.d.2710F5128523330855751B589255D33E.e.6/text - {}
RESULT: {}
COMMAND: GET /session/531b61559f994e6c7a52df7ef93d8d5a/element/f.C87E07658A2921E81D2871F35C846D0F.d.2710F5128523330855751B589255D33E.e.6/text - {}
RESULT: {}
COMMAND: GET /session/531b61559f994e6c7a52df7ef93d8d5a/element/f.C87E07658A2921E81D2871F35C846D0F.d.2710F5128523330855751B589255D33E.e.6/text - {}
RESULT: {}
COMMAND: GET /session/531b61559f994e6c7a52df7ef93d8d5a/element/f.C87E07658A2921E81D2871F35C846D0F.d.2710F5128523330855751B589255D33E.e.6/text - {}
RESULT: {}
COMMAND: GET /session/531b61559f994e6c7a52df7ef93d8d5a/element/f.C87E07658A2921E81D2871F35C846D0F.d.2710F5128523330855751B589255D33E.e.6/text - {}
RESULT: {}
COMMAND: GET /session/531b61559f994e6c7a52df7ef93d8d5a/element/f.C87E07658A2921E81D2871F35C846D0F.d.2710F5128523330855751B589255D33E.e.6/text - {}
RESULT: {}
COMMAND: GET /session/531b61559f994e6c7a52df7ef93d8d5a/element/f.C87E07658A2921E81D2871F35C846D0F.d.2710F5128523330855751B589255D33E.e.6/text - {}
RESULT: {}
COMMAND: GET /session/531b61559f994e6c7a52df7ef93d8d5a/element/f.C87E07658A2921E81D2871F35C846D0F.d.2710F5128523330855751B589255D33E.e.6/text - {}
RESULT: {}
COMMAND: GET /session/531b61559f994e6c7a52df7ef93d8d5a/element/f.C87E07658A2921E81D2871F35C846D0F.d.2710F5128523330855751B589255D33E.e.6/text - {}
RESULT: {}
COMMAND: GET /session/531b61559f994e6c7a52df7ef93d8d5a/element/f.C87E07658A2921E81D2871F35C846D0F.d.2710F5128523330855751B589255D33E.e.6/text - {}
RESULT: {}
COMMAND: GET /session/531b61559f994e6c7a52df7ef93d8d5a/element/f.C87E07658A2921E81D2871F35C846D0F.d.2710F5128523330855751B589255D33E.e.6/text - {}
RESULT: {}
COMMAND: GET /session/531b61559f994e6c7a52df7ef93d8d5a/element/f.C87E07658A2921E81D2871F35C846D0F.d.2710F5128523330855751B589255D33E.e.6/text - {}
RESULT: {}
COMMAND: GET /session/531b61559f994e6c7a52df7ef93d8d5a/element/f.C87E07658A2921E81D2871F35C846D0F.d.2710F5128523330855751B589255D33E.e.6/text - {}
RESULT: {}
COMMAND: GET /session/531b61559f994e6c7a52df7ef93d8d5a/element/f.C87E07658A2921E81D2871F35C846D0F.d.2710F5128523330855751B589255D33E.e.6/text - {}
RESULT: {}
COMMAND: GET /session/531b61559f994e6c7a52df7ef93d8d5a/element/f.C87E07658A2921E81D2871F35C846D0F.d.2710F5128523330855751B589255D33E.e.6/text - {}
RESULT: {}
COMMAND: GET /session/531b61559f994e6c7a52df7ef93d8d5a/element/f.C87E07658A2921E81D2871F35C846D0F.d.2710F5128523330855751B589255D33E.e.6/text - {}
RESULT: {}
COMMAND: GET /session/531b61559f994e6c7a52df7ef93d8d5a/element/f.C87E07658A2921E81D2871F35C846D0F.d.2710F5128523330855751B589255D33E.e.6/text - {}
RESULT: {}
COMMAND: GET /session/531b61559f994e6c7a52df7ef93d8d5a/element/f.C87E07658A2921E81D2871F35C846D0F.d.2710F5128523330855751B589255D33E.e.6/text - {}
RESULT: {}
COMMAND: GET /session/531b61559f994e6c7a52df7ef93d8d5a/element/f.C87E07658A2921E81D2871F35C846D0F.d.2710F5128523330855751B589255D33E.e.6/text - {}
RESULT: {}
COMMAND: GET /session/531b61559f994e6c7a52df7ef93d8d5a/element/f.C87E07658A2921E81D2871F35C846D0F.d.2710F5128523330855751B589255D33E.e.6/text - {}
RESULT: {}
COMMAND: GET /session/531b61559f994e6c7a52df7ef93d8d5a/element/f.C87E07658A2921E81D2871F35C846D0F.d.2710F5128523330855751B589255D33E.e.6/text - {}
RESULT: {}
COMMAND: GET /session/531b61559f994e6c7a52df7ef93d8d5a/element/f.C87E07658A2921E81D2871F35C846D0F.d.2710F5128523330855751B589255D33E.e.6/text - {}
RESULT: {}
COMMAND: GET /session/531b61559f994e6c7a52df7ef93d8d5a/element/f.C87E07658A2921E81D2871F35C846D0F.d.2710F5128523330855751B589255D33E.e.6/text - {}
RESULT: {}
COMMAND: GET /session/531b61559f994e6c7a52df7ef93d8d5a/element/f.C87E07658A2921E81D2871F35C846D0F.d.2710F5128523330855751B589255D33E.e.6/text - {}
RESULT: {}
COMMAND: GET /session/531b61559f994e6c7a52df7ef93d8d5a/element/f.C87E07658A2921E81D2871F35C846D0F.d.2710F5128523330855751B589255D33E.e.6/text - {}
RESULT: {}
COMMAND: GET /session/531b61559f994e6c7a52df7ef93d8d5a/element/f.C87E07658A2921E81D2871F35C846D0F.d.2710F5128523330855751B589255D33E.e.6/text - {}
RESULT: {}
COMMAND: GET /session/531b61559f994e6c7a52df7ef93d8d5a/element/f.C87E07658A2921E81D2871F35C846D0F.d.2710F5128523330855751B589255D33E.e.6/text - {}
RESULT: {}
COMMAND: GET /session/531b61559f994e6c7a52df7ef93d8d5a/element/f.C87E07658A2921E81D2871F35C846D0F.d.2710F5128523330855751B589255D33E.e.6/text - {}
RESULT: {}
COMMAND: GET /session/531b61559f994e6c7a52df7ef93d8d5a/element/f.C87E07658A2921E81D2871F35C846D0F.d.2710F5128523330855751B589255D33E.e.6/text - {}
RESULT: {}
COMMAND: GET /session/531b61559f994e6c7a52df7ef93d8d5a/element/f.C87E07658A2921E81D2871F35C846D0F.d.2710F5128523330855751B589255D33E.e.6/text - {}
RESULT: {}
COMMAND: GET /session/531b61559f994e6c7a52df7ef93d8d5a/element/f.C87E07658A2921E81D2871F35C846D0F.d.2710F5128523330855751B589255D33E.e.6/text - {}
RESULT: {}
COMMAND: GET /session/531b61559f994e6c7a52df7ef93d8d5a/element/f.C87E07658A2921E81D2871F35C846D0F.d.2710F5128523330855751B589255D33E.e.6/text - {}
RESULT: {}
COMMAND: GET /session/531b61559f994e6c7a52df7ef93d8d5a/element/f.C87E07658A2921E81D2871F35C846D0F.d.2710F5128523330855751B589255D33E.e.6/text - {}
RESULT: {}
COMMAND: GET /session/531b61559f994e6c7a52df7ef93d8d5a/element/f.C87E07658A2921E81D2871F35C846D0F.d.2710F5128523330855751B589255D33E.e.6/text - {}
RESULT: {}
COMMAND: GET /session/531b61559f994e6c7a52df7ef93d8d5a/element/f.C87E07658A2921E81D2871F35C846D0F.d.2710F5128523330855751B589255D33E.e.6/text - {}
RESULT: {}
COMMAND: GET /session/531b61559f994e6c7a52df7ef93d8d5a/element/f.C87E07658A2921E81D2871F35C846D0F.d.2710F5128523330855751B589255D33E.e.6/text - {}
RESULT: {}
COMMAND: GET /session/531b61559f994e6c7a52df7ef93d8d5a/element/f.C87E07658A2921E81D2871F35C846D0F.d.2710F5128523330855751B589255D33E.e.6/text - {}
RESULT: {}
COMMAND: GET /session/531b61559f994e6c7a52df7ef93d8d5a/element/f.C87E07658A2921E81D2871F35C846D0F.d.2710F5128523330855751B589255D33E.e.6/text - {}
RESULT: {}
COMMAND: GET /session/531b61559f994e6c7a52df7ef93d8d5a/element/f.C87E07658A2921E81D2871F35C846D0F.d.2710F5128523330855751B589255D33E.e.6/text - {}
RESULT: {}
COMMAND: GET /session/531b61559f994e6c7a52df7ef93d8d5a/element/f.C87E07658A2921E81D2871F35C846D0F.d.2710F5128523330855751B589255D33E.e.6/text - {}
RESULT: {}
COMMAND: GET /session/531b61559f994e6c7a52df7ef93d8d5a/element/f.C87E07658A2921E81D2871F35C846D0F.d.2710F5128523330855751B589255D33E.e.6/text - {}
RESULT: {}
COMMAND: GET /session/531b61559f994e6c7a52df7ef93d8d5a/element/f.C87E07658A2921E81D2871F35C846D0F.d.2710F5128523330855751B589255D33E.e.6/text - {}
RESULT: {}
COMMAND: GET /session/531b61559f994e6c7a52df7ef93d8d5a/element/f.C87E07658A2921E81D2871F35C846D0F.d.2710F5128523330855751B589255D33E.e.6/text - {}
RESULT: {}
COMMAND: GET /session/531b61559f994e6c7a52df7ef93d8d5a/element/f.C87E07658A2921E81D2871F35C846D0F.d.2710F5128523330855751B589255D33E.e.6/text - {}
RESULT: {}
COMMAND: GET /session/531b61559f994e6c7a52df7ef93d8d5a/element/f.C87E07658A2921E81D2871F35C846D0F.d.2710F5128523330855751B589255D33E.e.6/text - {}
RESULT: {}
COMMAND: GET /session/531b61559f994e6c7a52df7ef93d8d5a/element/f.C87E07658A2921E81D2871F35C846D0F.d.2710F5128523330855751B589255D33E.e.6/text - {}
RESULT: {}
COMMAND: GET /session/531b61559f994e6c7a52df7ef93d8d5a/element/f.C87E07658A2921E81D2871F35C846D0F.d.2710F5128523330855751B589255D33E.e.6/text - {}
RESULT: {}
COMMAND: GET /session/531b61559f994e6c7a52df7ef93d8d5a/element/f.C87E07658A2921E81D2871F35C846D0F.d.2710F5128523330855751B589255D33E.e.6/text - {}
RESULT: {}
COMMAND: GET /session/531b61559f994e6c7a52df7ef93d8d5a/element/f.C87E07658A2921E81D2871F35C846D0F.d.2710F5128523330855751B589255D33E.e.6/text - {}
RESULT: {}
COMMAND: GET /session/531b61559f994e6c7a52df7ef93d8d5a/element/f.C87E07658A2921E81D2871F35C846D0F.d.2710F5128523330855751B589255D33E.e.6/text - {}
RESULT: {}
COMMAND: GET /session/531b61559f994e6c7a52df7ef93d8d5a/element/f.C87E07658A2921E81D2871F35C846D0F.d.2710F5128523330855751B589255D33E.e.6/text - {}
RESULT: {}
COMMAND: GET /session/531b61559f994e6c7a52df7ef93d8d5a/element/f.C87E07658A2921E81D2871F35C846D0F.d.2710F5128523330855751B589255D33E.e.6/text - {}
RESULT: {}
COMMAND: GET /session/531b61559f994e6c7a52df7ef93d8d5a/element/f.C87E07658A2921E81D2871F35C846D0F.d.2710F5128523330855751B589255D33E.e.6/text - {}
RESULT: {}
COMMAND: GET /session/531b61559f994e6c7a52df7ef93d8d5a/element/f.C87E07658A2921E81D2871F35C846D0F.d.2710F5128523330855751B589255D33E.e.6/text - {}
RESULT: {}
COMMAND: GET /session/531b61559f994e6c7a52df7ef93d8d5a/element/f.C87E07658A2921E81D2871F35C846D0F.d.2710F5128523330855751B589255D33E.e.6/text - {}
RESULT: {}
COMMAND: GET /session/531b61559f994e6c7a52df7ef93d8d5a/element/f.C87E07658A2921E81D2871F35C846D0F.d.2710F5128523330855751B589255D33E.e.6/text - {}
RESULT: {}
COMMAND: GET /session/531b61559f994e6c7a52df7ef93d8d5a/element/f.C87E07658A2921E81D2871F35C846D0F.d.2710F5128523330855751B589255D33E.e.6/text - {}
RESULT: {}
COMMAND: GET /session/531b61559f994e6c7a52df7ef93d8d5a/element/f.C87E07658A2921E81D2871F35C846D0F.d.2710F5128523330855751B589255D33E.e.6/text - {}
RESULT: {}
COMMAND: GET /session/531b61559f994e6c7a52df7ef93d8d5a/element/f.C87E07658A2921E81D2871F35C846D0F.d.2710F5128523330855751B589255D33E.e.6/text - {}
RESULT: {}
COMMAND: GET /session/531b61559f994e6c7a52df7ef93d8d5a/element/f.C87E07658A2921E81D2871F35C846D0F.d.2710F5128523330855751B589255D33E.e.6/text - {}
RESULT: {}
COMMAND: GET /session/531b61559f994e6c7a52df7ef93d8d5a/element/f.C87E07658A2921E81D2871F35C846D0F.d.2710F5128523330855751B589255D33E.e.6/text - {}
RESULT: {}
COMMAND: GET /session/531b61559f994e6c7a52df7ef93d8d5a/element/f.C87E07658A2921E81D2871F35C846D0F.d.2710F5128523330855751B589255D33E.e.6/text - {}
RESULT: {}
COMMAND: GET /session/531b61559f994e6c7a52df7ef93d8d5a/element/f.C87E07658A2921E81D2871F35C846D0F.d.2710F5128523330855751B589255D33E.e.6/text - {}
RESULT: {}
COMMAND: GET /session/531b61559f994e6c7a52df7ef93d8d5a/element/f.C87E07658A2921E81D2871F35C846D0F.d.2710F5128523330855751B589255D33E.e.6/text - {}
RESULT: {}
COMMAND: GET /session/531b61559f994e6c7a52df7ef93d8d5a/element/f.C87E07658A2921E81D2871F35C846D0F.d.2710F5128523330855751B589255D33E.e.6/text - {}
RESULT: {}
COMMAND: GET /session/531b61559f994e6c7a52df7ef93d8d5a/element/f.C87E07658A2921E81D2871F35C846D0F.d.2710F5128523330855751B589255D33E.e.6/text - {}
RESULT: {}
COMMAND: GET /session/531b61559f994e6c7a52df7ef93d8d5a/element/f.C87E07658A2921E81D2871F35C846D0F.d.2710F5128523330855751B589255D33E.e.6/text - {}
RESULT: {}
COMMAND: GET /session/531b61559f994e6c7a52df7ef93d8d5a/element/f.C87E07658A2921E81D2871F35C846D0F.d.2710F5128523330855751B589255D33E.e.6/text - {}
RESULT: {}
COMMAND: GET /session/531b61559f994e6c7a52df7ef93d8d5a/element/f.C87E07658A2921E81D2871F35C846D0F.d.2710F5128523330855751B589255D33E.e.6/text - {}
RESULT: {}
COMMAND: GET /session/531b61559f994e6c7a52df7ef93d8d5a/element/f.C87E07658A2921E81D2871F35C846D0F.d.2710F5128523330855751B589255D33E.e.6/text - {}
RESULT: {}
COMMAND: GET /session/531b61559f994e6c7a52df7ef93d8d5a/element/f.C87E07658A2921E81D2871F35C846D0F.d.2710F5128523330855751B589255D33E.e.6/text - {}
RESULT: {}
COMMAND: GET /session/531b61559f994e6c7a52df7ef93d8d5a/element/f.C87E07658A2921E81D2871F35C846D0F.d.2710F5128523330855751B589255D33E.e.6/text - {}
RESULT: {}
COMMAND: GET /session/531b61559f994e6c7a52df7ef93d8d5a/element/f.C87E07658A2921E81D2871F35C846D0F.d.2710F5128523330855751B589255D33E.e.6/text - {}
RESULT: {}
COMMAND: GET /session/531b61559f994e6c7a52df7ef93d8d5a/element/f.C87E07658A2921E81D2871F35C846D0F.d.2710F5128523330855751B589255D33E.e.6/text - {}
RESULT: {}
COMMAND: GET /session/531b61559f994e6c7a52df7ef93d8d5a/element/f.C87E07658A2921E81D2871F35C846D0F.d.2710F5128523330855751B589255D33E.e.6/text - {}
RESULT: {}
COMMAND: GET /session/531b61559f994e6c7a52df7ef93d8d5a/element/f.C87E07658A2921E81D2871F35C846D0F.d.2710F5128523330855751B589255D33E.e.6/text - {}
RESULT: {}
COMMAND: GET /session/531b61559f994e6c7a52df7ef93d8d5a/element/f.C87E07658A2921E81D2871F35C846D0F.d.2710F5128523330855751B589255D33E.e.6/text - {}
RESULT: {}
COMMAND: GET /session/531b61559f994e6c7a52df7ef93d8d5a/element/f.C87E07658A2921E81D2871F35C846D0F.d.2710F5128523330855751B589255D33E.e.6/text - {}
RESULT: {}
COMMAND: GET /session/531b61559f994e6c7a52df7ef93d8d5a/element/f.C87E07658A2921E81D2871F35C846D0F.d.2710F5128523330855751B589255D33E.e.6/text - {}
RESULT: {}
COMMAND: GET /session/531b61559f994e6c7a52df7ef93d8d5a/element/f.C87E07658A2921E81D2871F35C846D0F.d.2710F5128523330855751B589255D33E.e.6/text - {}
RESULT: {}
COMMAND: GET /session/531b61559f994e6c7a52df7ef93d8d5a/element/f.C87E07658A2921E81D2871F35C846D0F.d.2710F5128523330855751B589255D33E.e.6/text - {}
RESULT: {}
COMMAND: GET /session/531b61559f994e6c7a52df7ef93d8d5a/element/f.C87E07658A2921E81D2871F35C846D0F.d.2710F5128523330855751B589255D33E.e.6/text - {}
RESULT: {}
COMMAND: GET /session/531b61559f994e6c7a52df7ef93d8d5a/element/f.C87E07658A2921E81D2871F35C846D0F.d.2710F5128523330855751B589255D33E.e.6/text - {}
RESULT: {}
COMMAND: GET /session/531b61559f994e6c7a52df7ef93d8d5a/element/f.C87E07658A2921E81D2871F35C846D0F.d.2710F5128523330855751B589255D33E.e.6/text - {}
RESULT: {}
COMMAND: GET /session/531b61559f994e6c7a52df7ef93d8d5a/element/f.C87E07658A2921E81D2871F35C846D0F.d.2710F5128523330855751B589255D33E.e.6/text - {}
RESULT: {}
COMMAND: GET /session/531b61559f994e6c7a52df7ef93d8d5a/element/f.C87E07658A2921E81D2871F35C846D0F.d.2710F5128523330855751B589255D33E.e.6/text - {}
RESULT: {}
COMMAND: GET /session/531b61559f994e6c7a52df7ef93d8d5a/element/f.C87E07658A2921E81D2871F35C846D0F.d.2710F5128523330855751B589255D33E.e.6/text - {}
RESULT: {}
COMMAND: GET /session/531b61559f994e6c7a52df7ef93d8d5a/element/f.C87E07658A2921E81D2871F35C846D0F.d.2710F5128523330855751B589255D33E.e.6/text - {}
RESULT: {}
COMMAND: GET /session/531b61559f994e6c7a52df7ef93d8d5a/element/f.C87E07658A2921E81D2871F35C846D0F.d.2710F5128523330855751B589255D33E.e.6/text - {}
RESULT: {}
COMMAND: GET /session/531b61559f994e6c7a52df7ef93d8d5a/element/f.C87E07658A2921E81D2871F35C846D0F.d.2710F5128523330855751B589255D33E.e.6/text - {}
RESULT: {}
COMMAND: GET /session/531b61559f994e6c7a52df7ef93d8d5a/element/f.C87E07658A2921E81D2871F35C846D0F.d.2710F5128523330855751B589255D33E.e.6/text - {}
RESULT: {}
COMMAND: GET /session/531b61559f994e6c7a52df7ef93d8d5a/element/f.C87E07658A2921E81D2871F35C846D0F.d.2710F5128523330855751B589255D33E.e.6/text - {}
RESULT: {}
COMMAND: GET /session/531b61559f994e6c7a52df7ef93d8d5a/element/f.C87E07658A2921E81D2871F35C846D0F.d.2710F5128523330855751B589255D33E.e.6/text - {}
RESULT: {}
COMMAND: GET /session/531b61559f994e6c7a52df7ef93d8d5a/element/f.C87E07658A2921E81D2871F35C846D0F.d.2710F5128523330855751B589255D33E.e.6/text - {}
RESULT: {}
COMMAND: GET /session/531b61559f994e6c7a52df7ef93d8d5a/element/f.C87E07658A2921E81D2871F35C846D0F.d.2710F5128523330855751B589255D33E.e.6/text - {}
RESULT: {}
COMMAND: GET /session/531b61559f994e6c7a52df7ef93d8d5a/element/f.C87E07658A2921E81D2871F35C846D0F.d.2710F5128523330855751B589255D33E.e.6/text - {}
RESULT: {}
COMMAND: GET /session/531b61559f994e6c7a52df7ef93d8d5a/element/f.C87E07658A2921E81D2871F35C846D0F.d.2710F5128523330855751B589255D33E.e.6/text - {}
RESULT: {}
COMMAND: GET /session/531b61559f994e6c7a52df7ef93d8d5a/element/f.C87E07658A2921E81D2871F35C846D0F.d.2710F5128523330855751B589255D33E.e.6/text - {}
RESULT: {}
COMMAND: GET /session/531b61559f994e6c7a52df7ef93d8d5a/element/f.C87E07658A2921E81D2871F35C846D0F.d.2710F5128523330855751B589255D33E.e.6/text - {}
RESULT: {}
COMMAND: GET /session/531b61559f994e6c7a52df7ef93d8d5a/element/f.C87E07658A2921E81D2871F35C846D0F.d.2710F5128523330855751B589255D33E.e.6/text - {}
RESULT: {}
COMMAND: GET /session/531b61559f994e6c7a52df7ef93d8d5a/element/f.C87E07658A2921E81D2871F35C846D0F.d.2710F5128523330855751B589255D33E.e.6/text - {}
RESULT: {}
COMMAND: GET /session/531b61559f994e6c7a52df7ef93d8d5a/element/f.C87E07658A2921E81D2871F35C846D0F.d.2710F5128523330855751B589255D33E.e.6/text - {}
RESULT: {}
COMMAND: GET /session/531b61559f994e6c7a52df7ef93d8d5a/element/f.C87E07658A2921E81D2871F35C846D0F.d.2710F5128523330855751B589255D33E.e.6/text - {}
RESULT: {}
COMMAND: GET /session/531b61559f994e6c7a52df7ef93d8d5a/element/f.C87E07658A2921E81D2871F35C846D0F.d.2710F5128523330855751B589255D33E.e.6/text - {}
RESULT: {}
COMMAND: GET /session/531b61559f994e6c7a52df7ef93d8d5a/element/f.C87E07658A2921E81D2871F35C846D0F.d.2710F5128523330855751B589255D33E.e.6/text - {}
RESULT: {}
COMMAND: GET /session/531b61559f994e6c7a52df7ef93d8d5a/element/f.C87E07658A2921E81D2871F35C846D0F.d.2710F5128523330855751B589255D33E.e.6/text - {}
RESULT: {}
COMMAND: GET /session/531b61559f994e6c7a52df7ef93d8d5a/element/f.C87E07658A2921E81D2871F35C846D0F.d.2710F5128523330855751B589255D33E.e.6/text - {}
RESULT: {}
COMMAND: GET /session/531b61559f994e6c7a52df7ef93d8d5a/element/f.C87E07658A2921E81D2871F35C846D0F.d.2710F5128523330855751B589255D33E.e.6/text - {}
RESULT: {}
COMMAND: GET /session/531b61559f994e6c7a52df7ef93d8d5a/element/f.C87E07658A2921E81D2871F35C846D0F.d.2710F5128523330855751B589255D33E.e.6/text - {}
RESULT: {}
COMMAND: GET /session/531b61559f994e6c7a52df7ef93d8d5a/element/f.C87E07658A2921E81D2871F35C846D0F.d.2710F5128523330855751B589255D33E.e.6/text - {}
RESULT: {}
COMMAND: GET /session/531b61559f994e6c7a52df7ef93d8d5a/element/f.C87E07658A2921E81D2871F35C846D0F.d.2710F5128523330855751B589255D33E.e.6/text - {}
RESULT: {}
COMMAND: GET /session/531b61559f994e6c7a52df7ef93d8d5a/element/f.C87E07658A2921E81D2871F35C846D0F.d.2710F5128523330855751B589255D33E.e.6/text - {}
RESULT: {}
COMMAND: GET /session/531b61559f994e6c7a52df7ef93d8d5a/element/f.C87E07658A2921E81D2871F35C846D0F.d.2710F5128523330855751B589255D33E.e.6/text - {}
RESULT: {}
COMMAND: GET /session/531b61559f994e6c7a52df7ef93d8d5a/element/f.C87E07658A2921E81D2871F35C846D0F.d.2710F5128523330855751B589255D33E.e.6/text - {}
RESULT: {}
COMMAND: GET /session/531b61559f994e6c7a52df7ef93d8d5a/element/f.C87E07658A2921E81D2871F35C846D0F.d.2710F5128523330855751B589255D33E.e.6/text - {}
RESULT: {}
COMMAND: GET /session/531b61559f994e6c7a52df7ef93d8d5a/element/f.C87E07658A2921E81D2871F35C846D0F.d.2710F5128523330855751B589255D33E.e.6/text - {}
RESULT: {}
COMMAND: GET /session/531b61559f994e6c7a52df7ef93d8d5a/element/f.C87E07658A2921E81D2871F35C846D0F.d.2710F5128523330855751B589255D33E.e.6/text - {}
RESULT: {}
COMMAND: GET /session/531b61559f994e6c7a52df7ef93d8d5a/element/f.C87E07658A2921E81D2871F35C846D0F.d.2710F5128523330855751B589255D33E.e.6/text - {}
RESULT: {}
COMMAND: GET /session/531b61559f994e6c7a52df7ef93d8d5a/element/f.C87E07658A2921E81D2871F35C846D0F.d.2710F5128523330855751B589255D33E.e.6/text - {}
RESULT: {}
COMMAND: GET /session/531b61559f994e6c7a52df7ef93d8d5a/element/f.C87E07658A2921E81D2871F35C846D0F.d.2710F5128523330855751B589255D33E.e.6/text - {}
RESULT: {}
COMMAND: GET /session/531b61559f994e6c7a52df7ef93d8d5a/element/f.C87E07658A2921E81D2871F35C846D0F.d.2710F5128523330855751B589255D33E.e.6/text - {}
RESULT: {}
COMMAND: GET /session/531b61559f994e6c7a52df7ef93d8d5a/element/f.C87E07658A2921E81D2871F35C846D0F.d.2710F5128523330855751B589255D33E.e.6/text - {}
RESULT: {}
COMMAND: GET /session/531b61559f994e6c7a52df7ef93d8d5a/element/f.C87E07658A2921E81D2871F35C846D0F.d.2710F5128523330855751B589255D33E.e.6/text - {}
RESULT: {}
COMMAND: GET /session/531b61559f994e6c7a52df7ef93d8d5a/element/f.C87E07658A2921E81D2871F35C846D0F.d.2710F5128523330855751B589255D33E.e.6/text - {}
RESULT: {}
COMMAND: GET /session/531b61559f994e6c7a52df7ef93d8d5a/element/f.C87E07658A2921E81D2871F35C846D0F.d.2710F5128523330855751B589255D33E.e.6/text - {}
RESULT: {}
COMMAND: GET /session/531b61559f994e6c7a52df7ef93d8d5a/element/f.C87E07658A2921E81D2871F35C846D0F.d.2710F5128523330855751B589255D33E.e.6/text - {}
RESULT: {}
COMMAND: DELETE /session/531b61559f994e6c7a52df7ef93d8d5a - {}
RESULT: {}
]]></system-out>
      <system-err><![CDATA[
Error: expected text to be different after 1 seconds.
    at <anonymous> (C:\Users\PavithraBusipalli\Desktop\JS_Auto\ui-testing\WebDriverIO\Udemy\webdriverio\node_modules\webdriverio\build\node.js:5742:15)
    at async Element.wrapCommandFn (C:\Users\PavithraBusipalli\Desktop\JS_Auto\ui-testing\WebDriverIO\Udemy\webdriverio\node_modules\@wdio\utils\build\index.js:978:23)
    at async Element.elementErrorHandlerCallbackFn (C:\Users\PavithraBusipalli\Desktop\JS_Auto\ui-testing\WebDriverIO\Udemy\webdriverio\node_modules\webdriverio\build\node.js:8459:24)
    at async Element.wrapCommandFn (C:\Users\PavithraBusipalli\Desktop\JS_Auto\ui-testing\WebDriverIO\Udemy\webdriverio\node_modules\@wdio\utils\build\index.js:978:23)
    at async Context.<anonymous> (C:\Users\PavithraBusipalli\Desktop\JS_Auto\ui-testing\WebDriverIO\Udemy\webdriverio\test\specs\wait-commands.spec.js:34:9)
    at async Context.executeAsync (C:\Users\PavithraBusipalli\Desktop\JS_Auto\ui-testing\WebDriverIO\Udemy\webdriverio\node_modules\@wdio\utils\build\index.js:1101:20)
    at async Context.testFrameworkFnWrapper (C:\Users\PavithraBusipalli\Desktop\JS_Auto\ui-testing\WebDriverIO\Udemy\webdriverio\node_modules\@wdio\utils\build\index.js:1173:14)
]]></system-err>
    </testcase>
  </testsuite>
</testsuites>