<?xml version="1.0" encoding="UTF-8"?>
<testsuites tests="3" failures="0" errors="0" skipped="3">
  <testsuite name="Description of Test Suite" timestamp="2025-09-06T12:01:08" time="0.002" tests="3" failures="0" errors="0" skipped="3">
    <properties>
      <property name="specId" value="0"/>
      <property name="suiteName" value="Description of Test Suite"/>
      <property name="capabilities" value="chrome.139_0_7258_155.windows"/>
      <property name="file" value="file:///C:/Users/PavithraBusipalli/Desktop/JS_Auto/ui-testing/WebDriverIO/Udemy/webdriverio/test/specs/mocha-example.js"/>
    </properties>
    <testcase classname="chrome.139_0_7258_155.windows.Description_of_Test_Suite" name="Desc of Individual Test Suite" time="0">
      <skipped/>
    </testcase>
    <testcase classname="chrome.139_0_7258_155.windows.Description_of_Test_Suite" name="Desc of Individual Test Suite" time="0">
      <skipped/>
    </testcase>
    <testcase classname="chrome.139_0_7258_155.windows.Description_of_Test_Suite" name="Desc of Individual Test Suite" time="0">
      <skipped/>
      <system-out><![CDATA[
COMMAND: DELETE /session/56f401804bb63ba4fb41a1491e32d726 - {}
RESULT: {}
]]></system-out>
    </testcase>
  </testsuite>
</testsuites>