<?xml version="1.0" encoding="UTF-8"?>
<testsuites tests="1" failures="1" errors="0" skipped="0">
  <testsuite name="webdriveruniversity contact us page" timestamp="2025-09-06T12:01:07" time="10.831" tests="1" failures="1" errors="0" skipped="0">
    <properties>
      <property name="specId" value="0"/>
      <property name="suiteName" value="webdriveruniversity - contact us page"/>
      <property name="capabilities" value="chrome.139_0_7258_155.windows"/>
      <property name="file" value="file:///C:/Users/PavithraBusipalli/Desktop/JS_Auto/ui-testing/WebDriverIO/Udemy/webdriverio/test/specs/contact-us.spec.js"/>
    </properties>
    <testcase classname="chrome.139_0_7258_155.windows.webdriveruniversity_-_contact_us_page" name="valida submission submit all info" time="10.829">
      <failure message="Expect  to have text&#xA;&#xA;Expected: &quot;Thank You for your Message!!&quot;&#xA;Received: &quot;Thank You for your Message!&quot;"/>
      <system-out><![CDATA[
COMMAND: POST /session/3fe95312d9131fe4fa6bdbe373bd9e11/window/maximize - {}
RESULT: {}
COMMAND: POST /session/3fe95312d9131fe4fa6bdbe373bd9e11/element/f.6CC0601DA29E4112F502D7CE71619B3B.d.7BFAA757072604BE19D6676FC8E92D27.e.3/clear - {}
RESULT: {}
COMMAND: POST /session/3fe95312d9131fe4fa6bdbe373bd9e11/element/f.6CC0601DA29E4112F502D7CE71619B3B.d.7BFAA757072604BE19D6676FC8E92D27.e.3/value - {"text":"Pavi"}
RESULT: {"text":"Pavi"}
COMMAND: POST /session/3fe95312d9131fe4fa6bdbe373bd9e11/element/f.6CC0601DA29E4112F502D7CE71619B3B.d.7BFAA757072604BE19D6676FC8E92D27.e.4/clear - {}
RESULT: {}
COMMAND: POST /session/3fe95312d9131fe4fa6bdbe373bd9e11/element/f.6CC0601DA29E4112F502D7CE71619B3B.d.7BFAA757072604BE19D6676FC8E92D27.e.4/value - {"text":"Reddy"}
RESULT: {"text":"Reddy"}
COMMAND: POST /session/3fe95312d9131fe4fa6bdbe373bd9e11/element/f.6CC0601DA29E4112F502D7CE71619B3B.d.7BFAA757072604BE19D6676FC8E92D27.e.5/clear - {}
RESULT: {}
COMMAND: POST /session/3fe95312d9131fe4fa6bdbe373bd9e11/element/f.6CC0601DA29E4112F502D7CE71619B3B.d.7BFAA757072604BE19D6676FC8E92D27.e.5/value - {"text":"pavithra_busipalli@gmail.com"}
RESULT: {"text":"pavithra_busipalli@gmail.com"}
COMMAND: POST /session/3fe95312d9131fe4fa6bdbe373bd9e11/element/f.6CC0601DA29E4112F502D7CE71619B3B.d.7BFAA757072604BE19D6676FC8E92D27.e.6/clear - {}
RESULT: {}
COMMAND: POST /session/3fe95312d9131fe4fa6bdbe373bd9e11/element/f.6CC0601DA29E4112F502D7CE71619B3B.d.7BFAA757072604BE19D6676FC8E92D27.e.6/value - {"text":"I am Pavithra Reddy!!"}
RESULT: {"text":"I am Pavithra Reddy!!"}
COMMAND: POST /session/3fe95312d9131fe4fa6bdbe373bd9e11/element/f.6CC0601DA29E4112F502D7CE71619B3B.d.7BFAA757072604BE19D6676FC8E92D27.e.12/click - {}
RESULT: {}
COMMAND: GET /session/3fe95312d9131fe4fa6bdbe373bd9e11/element/f.6CC0601DA29E4112F502D7CE71619B3B.d.8EB5D3B7D84C21B0286DCBF595824888.e.16/text - {}
RESULT: {}
COMMAND: GET /session/3fe95312d9131fe4fa6bdbe373bd9e11/element/f.6CC0601DA29E4112F502D7CE71619B3B.d.8EB5D3B7D84C21B0286DCBF595824888.e.16/text - {}
RESULT: {}
COMMAND: GET /session/3fe95312d9131fe4fa6bdbe373bd9e11/element/f.6CC0601DA29E4112F502D7CE71619B3B.d.8EB5D3B7D84C21B0286DCBF595824888.e.16/text - {}
RESULT: {}
COMMAND: GET /session/3fe95312d9131fe4fa6bdbe373bd9e11/element/f.6CC0601DA29E4112F502D7CE71619B3B.d.8EB5D3B7D84C21B0286DCBF595824888.e.16/text - {}
RESULT: {}
COMMAND: GET /session/3fe95312d9131fe4fa6bdbe373bd9e11/element/f.6CC0601DA29E4112F502D7CE71619B3B.d.8EB5D3B7D84C21B0286DCBF595824888.e.16/text - {}
RESULT: {}
COMMAND: GET /session/3fe95312d9131fe4fa6bdbe373bd9e11/element/f.6CC0601DA29E4112F502D7CE71619B3B.d.8EB5D3B7D84C21B0286DCBF595824888.e.16/text - {}
RESULT: {}
COMMAND: GET /session/3fe95312d9131fe4fa6bdbe373bd9e11/element/f.6CC0601DA29E4112F502D7CE71619B3B.d.8EB5D3B7D84C21B0286DCBF595824888.e.16/text - {}
RESULT: {}
COMMAND: GET /session/3fe95312d9131fe4fa6bdbe373bd9e11/element/f.6CC0601DA29E4112F502D7CE71619B3B.d.8EB5D3B7D84C21B0286DCBF595824888.e.16/text - {}
RESULT: {}
COMMAND: GET /session/3fe95312d9131fe4fa6bdbe373bd9e11/element/f.6CC0601DA29E4112F502D7CE71619B3B.d.8EB5D3B7D84C21B0286DCBF595824888.e.16/text - {}
RESULT: {}
COMMAND: GET /session/3fe95312d9131fe4fa6bdbe373bd9e11/element/f.6CC0601DA29E4112F502D7CE71619B3B.d.8EB5D3B7D84C21B0286DCBF595824888.e.16/text - {}
RESULT: {}
COMMAND: GET /session/3fe95312d9131fe4fa6bdbe373bd9e11/element/f.6CC0601DA29E4112F502D7CE71619B3B.d.8EB5D3B7D84C21B0286DCBF595824888.e.16/text - {}
RESULT: {}
COMMAND: GET /session/3fe95312d9131fe4fa6bdbe373bd9e11/element/f.6CC0601DA29E4112F502D7CE71619B3B.d.8EB5D3B7D84C21B0286DCBF595824888.e.16/text - {}
RESULT: {}
COMMAND: GET /session/3fe95312d9131fe4fa6bdbe373bd9e11/element/f.6CC0601DA29E4112F502D7CE71619B3B.d.8EB5D3B7D84C21B0286DCBF595824888.e.16/text - {}
RESULT: {}
COMMAND: GET /session/3fe95312d9131fe4fa6bdbe373bd9e11/element/f.6CC0601DA29E4112F502D7CE71619B3B.d.8EB5D3B7D84C21B0286DCBF595824888.e.16/text - {}
RESULT: {}
COMMAND: GET /session/3fe95312d9131fe4fa6bdbe373bd9e11/element/f.6CC0601DA29E4112F502D7CE71619B3B.d.8EB5D3B7D84C21B0286DCBF595824888.e.16/text - {}
RESULT: {}
COMMAND: GET /session/3fe95312d9131fe4fa6bdbe373bd9e11/element/f.6CC0601DA29E4112F502D7CE71619B3B.d.8EB5D3B7D84C21B0286DCBF595824888.e.16/text - {}
RESULT: {}
COMMAND: GET /session/3fe95312d9131fe4fa6bdbe373bd9e11/element/f.6CC0601DA29E4112F502D7CE71619B3B.d.8EB5D3B7D84C21B0286DCBF595824888.e.16/text - {}
RESULT: {}
COMMAND: DELETE /session/3fe95312d9131fe4fa6bdbe373bd9e11 - {}
RESULT: {}
]]></system-out>
      <system-err><![CDATA[
Error: Expect  to have text

Expected: "Thank You for your Message!!"
Received: "Thank You for your Message!"
    at Context.<anonymous> (C:\Users\PavithraBusipalli\Desktop\JS_Auto\ui-testing\WebDriverIO\Udemy\webdriverio\test\specs\contact-us.spec.js:25:50)
    at async Context.executeAsync (C:\Users\PavithraBusipalli\Desktop\JS_Auto\ui-testing\WebDriverIO\Udemy\webdriverio\node_modules\@wdio\utils\build\index.js:1101:20)
    at async Context.testFrameworkFnWrapper (C:\Users\PavithraBusipalli\Desktop\JS_Auto\ui-testing\WebDriverIO\Udemy\webdriverio\node_modules\@wdio\utils\build\index.js:1173:14)
]]></system-err>
    </testcase>
  </testsuite>
</testsuites>